 -0.1632849E+02  0.4272614E+01 -0.2516338E+03  0.3800049E+01 -0.3220001E+01
 -0.1632849E+02  0.4272614E+01 -0.2516338E+03  0.3800049E+01 -0.3220001E+01
 -0.1632849E+02  0.4272614E+01 -0.2516338E+03  0.3800049E+01 -0.3220001E+01
 -0.1632849E+02  0.4272614E+01 -0.2516338E+03  0.3800049E+01 -0.3220001E+01
 -0.1632849E+02  0.4272614E+01 -0.2516338E+03  0.3800049E+01 -0.3220001E+01
 -0.1632849E+02  0.4272614E+01 -0.2516338E+03  0.3800049E+01 -0.3220001E+01
 -0.1632849E+02  0.4272614E+01 -0.2516338E+03  0.3800049E+01 -0.3220001E+01
 -0.1632849E+02  0.4272614E+01 -0.2516338E+03  0.3800049E+01 -0.3220001E+01
 -0.1632849E+02  0.4272614E+01 -0.2516338E+03  0.3800049E+01 -0.3220001E+01
 -0.1632849E+02  0.4272614E+01 -0.2516338E+03  0.3800049E+01 -0.3220001E+01
 -0.1632849E+02  0.4272614E+01 -0.2516338E+03  0.3800049E+01 -0.3220001E+01
 -0.1632849E+02  0.4272614E+01 -0.2516338E+03  0.3800049E+01 -0.3220001E+01
 -0.1632849E+02  0.4272614E+01 -0.2516338E+03  0.3800049E+01 -0.3220001E+01
 -0.1632849E+02  0.4272614E+01 -0.2516338E+03  0.3800049E+01 -0.3220001E+01
 -0.1632849E+02  0.4272614E+01 -0.2516338E+03  0.3800049E+01 -0.3220001E+01
 -0.1632849E+02  0.4272614E+01 -0.2516338E+03  0.3800049E+01 -0.3220001E+01
 -0.1632849E+02  0.4272614E+01 -0.2516338E+03  0.3800049E+01 -0.3220001E+01
 -0.1632849E+02  0.4272614E+01 -0.2516338E+03  0.3800049E+01 -0.3220001E+01
 -0.1632849E+02  0.4272614E+01 -0.2516338E+03  0.3800049E+01 -0.3220001E+01
 -0.1632849E+02  0.4272614E+01 -0.2516338E+03  0.3800049E+01 -0.3220001E+01
 -0.1632849E+02  0.4272614E+01 -0.2516338E+03  0.3800049E+01 -0.3220001E+01
 -0.1632849E+02  0.4272614E+01 -0.2516338E+03  0.3800049E+01 -0.3220001E+01
 -0.1632849E+02  0.4272614E+01 -0.2516338E+03  0.3800049E+01 -0.3220001E+01
 -0.1632849E+02  0.4272614E+01 -0.2516338E+03  0.3800049E+01 -0.3220001E+01
 -0.1632849E+02  0.4272614E+01 -0.2516338E+03  0.3800049E+01 -0.3220001E+01
 -0.1632849E+02  0.4272614E+01 -0.2516338E+03  0.3800049E+01 -0.3220001E+01
 -0.1632849E+02  0.4272614E+01 -0.2516338E+03  0.3800049E+01 -0.3220001E+01
 -0.1632849E+02  0.4272614E+01 -0.2516338E+03  0.3800049E+01 -0.3220001E+01
 -0.1632849E+02  0.4272614E+01 -0.2516338E+03  0.3800049E+01 -0.3220001E+01
 -0.1632849E+02  0.4272614E+01 -0.2516338E+03  0.3800049E+01 -0.3220001E+01
 -0.1632849E+02  0.4272614E+01 -0.2516338E+03  0.3800049E+01 -0.3220001E+01
 -0.1632849E+02  0.4272614E+01 -0.2516338E+03  0.3800049E+01 -0.3220001E+01
 -0.1632849E+02  0.4272614E+01 -0.2516338E+03  0.3800049E+01 -0.3220001E+01
 -0.1632849E+02  0.4272614E+01 -0.2516338E+03  0.3800049E+01 -0.3220001E+01
 -0.1632849E+02  0.4272614E+01 -0.2516338E+03  0.3800049E+01 -0.3220001E+01
 -0.1632849E+02  0.4272614E+01 -0.2516338E+03  0.3800049E+01 -0.3220001E+01
 -0.1632849E+02  0.4272614E+01 -0.2516338E+03  0.3800049E+01 -0.3220001E+01
 -0.1632849E+02  0.4272614E+01 -0.2516338E+03  0.3800049E+01 -0.3220001E+01
 -0.1632849E+02  0.4272614E+01 -0.2516338E+03  0.3800049E+01 -0.3220001E+01
 -0.1632849E+02  0.4272614E+01 -0.2516338E+03  0.3800049E+01 -0.3220001E+01
 -0.1632849E+02  0.4272614E+01 -0.2516338E+03  0.3800049E+01 -0.3220001E+01
 -0.1632849E+02  0.4272614E+01 -0.2516338E+03  0.3800049E+01 -0.3220001E+01
 -0.1632849E+02  0.4272614E+01 -0.2516338E+03  0.3800049E+01 -0.3220001E+01
 -0.1632849E+02  0.4272614E+01 -0.2516338E+03  0.3800049E+01 -0.3220001E+01
 -0.1632849E+02  0.4272614E+01 -0.2516338E+03  0.3800049E+01 -0.3220001E+01
 -0.1632849E+02  0.4272614E+01 -0.2516338E+03  0.3800049E+01 -0.3220001E+01
 -0.1632849E+02  0.4272614E+01 -0.2516338E+03  0.3800049E+01 -0.3220001E+01
 -0.1632849E+02  0.4272614E+01 -0.2516338E+03  0.3800049E+01 -0.3220001E+01
 -0.1632849E+02  0.4272614E+01 -0.2516338E+03  0.3800049E+01 -0.3220001E+01
 -0.1632849E+02  0.4272614E+01 -0.2516338E+03  0.3800049E+01 -0.3220001E+01
 -0.1632849E+02  0.4272614E+01 -0.2516338E+03  0.3800049E+01 -0.3220001E+01
 -0.1632849E+02  0.4272614E+01 -0.2516338E+03  0.3800049E+01 -0.3220001E+01
 -0.1632849E+02  0.4272614E+01 -0.2516338E+03  0.3800049E+01 -0.3220001E+01
 -0.1632849E+02  0.4272614E+01 -0.2516338E+03  0.3800049E+01 -0.3220001E+01
 -0.1632849E+02  0.4272614E+01 -0.2516338E+03  0.3800049E+01 -0.3220001E+01
 -0.1632849E+02  0.4272614E+01 -0.2516338E+03  0.3800049E+01 -0.3220001E+01
 -0.1632849E+02  0.4272614E+01 -0.2516338E+03  0.3800049E+01 -0.3220001E+01
 -0.1632849E+02  0.4272614E+01 -0.2516338E+03  0.3800049E+01 -0.3220001E+01
 -0.1632849E+02  0.4272614E+01 -0.2516338E+03  0.3800049E+01 -0.3220001E+01
 -0.1632849E+02  0.4272614E+01 -0.2516338E+03  0.3800049E+01 -0.3220001E+01
 -0.1632849E+02  0.4272614E+01 -0.2516338E+03  0.3800049E+01 -0.3220001E+01
 -0.1632849E+02  0.4272614E+01 -0.2516338E+03  0.3800049E+01 -0.3220001E+01
 -0.1632849E+02  0.4272614E+01 -0.2516338E+03  0.3800049E+01 -0.3220001E+01
 -0.1632849E+02  0.4272614E+01 -0.2516338E+03  0.3800049E+01 -0.3220001E+01
 -0.1632849E+02  0.4272614E+01 -0.2516338E+03  0.3800049E+01 -0.3220001E+01
 -0.1632849E+02  0.4272614E+01 -0.2516338E+03  0.3800049E+01 -0.3220001E+01
 -0.1632849E+02  0.4272614E+01 -0.2516338E+03  0.3800049E+01 -0.3220001E+01
