1(C) COPYRIGHT 1982-1998 J.D.GASKI SINDA/G VERSION-1.80 NETWORK ANALYSIS ASSOCIATES, INC. - PAGE            1

     AFT OV SKIRT                                                                                                            

 *** NOTE *** SNDSNR REQUIRES      9312 DYNAMIC STORAGE LOCATIONS OUT OF    14741 AVAILABLE ***

 SNDSNR RUN, ARLXCA=0.10000E-01, BALENG=0.10000    , NLOOP=******

 *****************
 TIME= 0.00000E+00, DTIMEU= 0.00000E+00, CSGMIN(      0)= 0.00000E+00, ATMPCC(      0)= 0.00000E+00, DTMPCC(      0)= 0.00000E+00
     LOOPCT=     0, SENGIN= 0.00000E+00, ENGBAL= 0.00000E+00         , ARLXCC(      0)= 0.00000E+00, DRLXCC(      0)= 0.00000E+00
 
 **** OUTPUT TEMPERATURES IN DEGREES   ****
 T      2 =   70.0000 T      4 =   70.0000 T     51 =   70.0000 T      6 =   70.0000 T      8 =   70.0000 T     10 =   70.0000
 T     12 =   70.0000 T     14 =   70.0000 T     16 =   70.0000 T     18 =   70.0000 T   2000 =   70.0000 T     23 =   70.0000
 T     25 =   70.0000 T     27 =   70.0000 T   2002 =   70.0000 T     35 =   70.0000 T   3555 =   70.0000 T    100 =   70.0000
 T    214 =   70.0000 T    223 =   70.0000 T    229 =   70.0000 T    230 =   70.0000 T   2301 =   70.0000 T    231 =   70.0000
 T    232 =   70.0000 T    233 =   70.0000 T    234 =   70.0000 T    414 =   70.0000 T    423 =   70.0000 T    429 =   70.0000
 T    430 =   70.0000 T   4301 =   70.0000 T    431 =   70.0000 T    432 =   70.0000 T    433 =   70.0000 T    434 =   70.0000
 T   5301 =   70.0000 T      3 =   70.0000 T      5 =   70.0000 T     52 =   70.0000 T      7 =   70.0000 T      9 =   70.0000
 T     11 =   70.0000 T     13 =   70.0000 T     15 =   70.0000 T     17 =   70.0000 T     19 =   70.0000 T     20 =   70.0000
 T     21 =   70.0000 T     22 =   70.0000 T   2701 =   70.0000 T     24 =   70.0000 T     26 =   70.0000 T     28 =   70.0000
 T   2001 =   70.0000 T   2003 =   70.0000 T   2004 =   70.0000 T   2005 =   70.0000 T     29 =   70.0000 T     30 =   70.0000
 T    301 =   70.0000 T     31 =   70.0000 T     32 =   70.0000 T     33 =   70.0000 T     34 =   70.0000 T    114 =   70.0000
 T    123 =   70.0000 T    129 =   70.0000 T    130 =   70.0000 T   1301 =   70.0000 T    131 =   70.0000 T    132 =   70.0000
 T    133 =   70.0000 T    134 =   70.0000 T     36 =   70.0000 T    350 =   70.0000 T    351 =   70.0000 T    352 =   70.0000
 T    101 =   70.0000 T    314 =   70.0000 T    323 =   70.0000 T    329 =   70.0000 T    330 =   70.0000 T   3301 =   70.0000
 T    331 =   70.0000 T    332 =   70.0000 T    333 =   70.0000 T    334 =   70.0000 T    514 =   70.0000 T    523 =   70.0000
 T    529 =   70.0000 T    530 =   70.0000 T    531 =   70.0000 T    532 =   70.0000 T    533 =   70.0000 T    534 =   70.0000
 T      1 = -310.0000 T   3666 =   60.0000 T     37 =   -9.0000 T    360 =  -30.0000

 *** NOTE *** RELAXATION CRITERIA HAS BEEN MET WITH LOOPCT =     8

     ENGBAL =-0.514238E-01 AT LOOPCT =     8

 *** NOTE *** SYSTEM ENERGY BALANCE CRITERIA HAS BEEN MET, ENGBAL =-0.514238E-01, LOOPCT =     8

 *****************
 TIME= 0.00000E+00, DTIMEU= 0.00000E+00, CSGMIN(      0)= 0.00000E+00, ATMPCC(      0)= 0.00000E+00, DTMPCC(      0)= 0.00000E+00
     LOOPCT=     8, SENGIN= 2.55434E+03, ENGBAL=-5.14238E-02         , ARLXCC(   3555)=-6.01196E-03, DRLXCC(      0)= 0.00000E+00
 
 **** OUTPUT TEMPERATURES IN DEGREES   ****
 T      2 = -277.6956 T      4 = -236.3618 T     51 = -204.7486 T      6 = -185.2043 T      8 = -174.3019 T     10 =  -42.1543
 T     12 =  -24.8263 T     14 =  -24.0626 T     16 =  -24.0640 T     18 =  -23.7333 T   2000 =  -18.3316 T     23 =  -23.9097
 T     25 =  -23.8903 T     27 =  -23.8564 T   2002 =   -2.2688 T     35 =  -24.9218 T   3555 =  -24.9214 T    100 = -190.0535
 T    214 =  -20.3475 T    223 =  -20.2322 T    229 = -207.9059 T    230 = -177.4766 T   2301 = -154.2334 T    231 = -139.8698
 T    232 = -131.5059 T    233 =  -33.5283 T    234 =  -20.8593 T    414 =  -13.8981 T    423 =  -13.8484 T    429 =  -92.4711
 T    430 =  -79.6028 T   4301 =  -69.9710 T    431 =  -64.0723 T    432 =  -60.2763 T    433 =  -19.2022 T    434 =  -14.0479
 T   5301 =  -36.2190 T      3 = -253.7179 T      5 = -222.6596 T     52 = -190.6974 T      7 = -180.8031 T      9 = -169.1256
 T     11 =  -25.3300 T     13 =  -24.5097 T     15 =  -24.0630 T     17 =  -24.0605 T     19 =  -23.4241 T     20 =  -23.9861
 T     21 =  -24.0630 T     22 =  -18.6330 T   2701 =  -18.6398 T     24 =  -23.9096 T     26 =  -23.8694 T     28 =  -23.8617
 T   2001 =  -17.7786 T   2003 =   -2.3361 T   2004 =   -2.1765 T   2005 =   -4.6228 T     29 = -277.6803 T     30 = -236.3436
 T    301 = -204.7379 T     31 = -185.1822 T     32 = -174.2899 T     33 =  -42.1527 T     34 =  -24.8233 T    114 =  -24.0623
 T    123 =  -23.9095 T    129 = -277.6807 T    130 = -236.3537 T   1301 = -204.7439 T    131 = -185.1945 T    132 = -174.2968
 T    133 =  -42.1539 T    134 =  -24.8259 T     36 =   60.0000 T    350 =   58.9977 T    351 =   28.2396 T    352 =    8.6486
 T    101 =  -99.7112 T    314 =  -16.6326 T    323 =  -16.5551 T    329 = -138.1312 T    330 = -118.5994 T   3301 = -103.7229
 T    331 =  -94.5450 T    332 =  -88.7150 T    333 =  -24.9027 T    334 =  -16.8926 T    514 =  -11.1636 T    523 =  -11.1416
 T    529 =  -46.8110 T    530 =  -40.6063 T    531 =  -33.5995 T    532 =  -31.8376 T    533 =  -13.5017 T    534 =  -11.2031
 T      1 = -310.0000 T   3666 =   60.0000 T     37 =   -9.0000 T    360 =  -30.0000
1(C) COPYRIGHT 1982-1998 J.D.GASKI SINDA/G VERSION-1.80 NETWORK ANALYSIS ASSOCIATES, INC. - PAGE            2

     AFT OV SKIRT                                                                                                            

 *****************
 TIME= 0.00000E+00, DTIMEU= 0.00000E+00, CSGMIN(      0)= 0.00000E+00, ATMPCC(      0)= 0.00000E+00, DTMPCC(      0)= 0.00000E+00
     LOOPCT=     8, SENGIN= 2.55434E+03, ENGBAL=-5.14238E-02         , ARLXCC(   3555)=-6.01196E-03, DRLXCC(      0)= 0.00000E+00
 
 **** OUTPUT TEMPERATURES IN DEGREES   ****
 T      2 = -277.6956 T      4 = -236.3618 T     51 = -204.7486 T      6 = -185.2043 T      8 = -174.3019 T     10 =  -42.1543
 T     12 =  -24.8263 T     14 =  -24.0626 T     16 =  -24.0640 T     18 =  -23.7333 T   2000 =  -18.3316 T     23 =  -23.9097
 T     25 =  -23.8903 T     27 =  -23.8564 T   2002 =   -2.2688 T     35 =  -24.9218 T   3555 =  -24.9214 T    100 = -190.0535
 T    214 =  -20.3475 T    223 =  -20.2322 T    229 = -207.9059 T    230 = -177.4766 T   2301 = -154.2334 T    231 = -139.8698
 T    232 = -131.5059 T    233 =  -33.5283 T    234 =  -20.8593 T    414 =  -13.8981 T    423 =  -13.8484 T    429 =  -92.4711
 T    430 =  -79.6028 T   4301 =  -69.9710 T    431 =  -64.0723 T    432 =  -60.2763 T    433 =  -19.2022 T    434 =  -14.0479
 T   5301 =  -36.2190 T      3 = -253.7179 T      5 = -222.6596 T     52 = -190.6974 T      7 = -180.8031 T      9 = -169.1256
 T     11 =  -25.3300 T     13 =  -24.5097 T     15 =  -24.0630 T     17 =  -24.0605 T     19 =  -23.4241 T     20 =  -23.9861
 T     21 =  -24.0630 T     22 =  -18.6330 T   2701 =  -18.6398 T     24 =  -23.9096 T     26 =  -23.8694 T     28 =  -23.8617
 T   2001 =  -17.7786 T   2003 =   -2.3361 T   2004 =   -2.1765 T   2005 =   -4.6228 T     29 = -277.6803 T     30 = -236.3436
 T    301 = -204.7379 T     31 = -185.1822 T     32 = -174.2899 T     33 =  -42.1527 T     34 =  -24.8233 T    114 =  -24.0623
 T    123 =  -23.9095 T    129 = -277.6807 T    130 = -236.3537 T   1301 = -204.7439 T    131 = -185.1945 T    132 = -174.2968
 T    133 =  -42.1539 T    134 =  -24.8259 T     36 =   60.0000 T    350 =   58.9977 T    351 =   28.2396 T    352 =    8.6486
 T    101 =  -99.7112 T    314 =  -16.6326 T    323 =  -16.5551 T    329 = -138.1312 T    330 = -118.5994 T   3301 = -103.7229
 T    331 =  -94.5450 T    332 =  -88.7150 T    333 =  -24.9027 T    334 =  -16.8926 T    514 =  -11.1636 T    523 =  -11.1416
 T    529 =  -46.8110 T    530 =  -40.6063 T    531 =  -33.5995 T    532 =  -31.8376 T    533 =  -13.5017 T    534 =  -11.2031
 T      1 = -310.0000 T   3666 =   60.0000 T     37 =   -9.0000 T    360 =  -30.0000
