1(C) COPYRIGHT 1982-1998 J.D.GASKI SINDA/G VERSION-1.80 NETWORK ANALYSIS ASSOCIATES, INC. - PAGE            1

     AFT OV SKIRT                                                                                                            

 *** NOTE *** SNDSNR REQUIRES      9312 DYNAMIC STORAGE LOCATIONS OUT OF    14741 AVAILABLE ***

 SNDSNR RUN, ARLXCA=0.10000E-01, BALENG=0.10000    , NLOOP=******

 *****************
 TIME= 0.00000E+00, DTIMEU= 0.00000E+00, CSGMIN(      0)= 0.00000E+00, ATMPCC(      0)= 0.00000E+00, DTMPCC(      0)= 0.00000E+00
     LOOPCT=     0, SENGIN= 0.00000E+00, ENGBAL= 0.00000E+00         , ARLXCC(      0)= 0.00000E+00, DRLXCC(      0)= 0.00000E+00
 
 **** OUTPUT TEMPERATURES IN DEGREES   ****
 T      2 =   70.0000 T      4 =   70.0000 T     51 =   70.0000 T      6 =   70.0000 T      8 =   70.0000 T     10 =   70.0000
 T     12 =   70.0000 T     14 =   70.0000 T     16 =   70.0000 T     18 =   70.0000 T   2000 =   70.0000 T     23 =   70.0000
 T     25 =   70.0000 T     27 =   70.0000 T   2002 =   70.0000 T     35 =   70.0000 T   3555 =   70.0000 T    100 =   70.0000
 T    214 =   70.0000 T    223 =   70.0000 T    229 =   70.0000 T    230 =   70.0000 T   2301 =   70.0000 T    231 =   70.0000
 T    232 =   70.0000 T    233 =   70.0000 T    234 =   70.0000 T    414 =   70.0000 T    423 =   70.0000 T    429 =   70.0000
 T    430 =   70.0000 T   4301 =   70.0000 T    431 =   70.0000 T    432 =   70.0000 T    433 =   70.0000 T    434 =   70.0000
 T   5301 =   70.0000 T      3 =   70.0000 T      5 =   70.0000 T     52 =   70.0000 T      7 =   70.0000 T      9 =   70.0000
 T     11 =   70.0000 T     13 =   70.0000 T     15 =   70.0000 T     17 =   70.0000 T     19 =   70.0000 T     20 =   70.0000
 T     21 =   70.0000 T     22 =   70.0000 T   2701 =   70.0000 T     24 =   70.0000 T     26 =   70.0000 T     28 =   70.0000
 T   2001 =   70.0000 T   2003 =   70.0000 T   2004 =   70.0000 T   2005 =   70.0000 T     29 =   70.0000 T     30 =   70.0000
 T    301 =   70.0000 T     31 =   70.0000 T     32 =   70.0000 T     33 =   70.0000 T     34 =   70.0000 T    114 =   70.0000
 T    123 =   70.0000 T    129 =   70.0000 T    130 =   70.0000 T   1301 =   70.0000 T    131 =   70.0000 T    132 =   70.0000
 T    133 =   70.0000 T    134 =   70.0000 T     36 =   70.0000 T    350 =   70.0000 T    351 =   70.0000 T    352 =   70.0000
 T    101 =   70.0000 T    314 =   70.0000 T    323 =   70.0000 T    329 =   70.0000 T    330 =   70.0000 T   3301 =   70.0000
 T    331 =   70.0000 T    332 =   70.0000 T    333 =   70.0000 T    334 =   70.0000 T    514 =   70.0000 T    523 =   70.0000
 T    529 =   70.0000 T    530 =   70.0000 T    531 =   70.0000 T    532 =   70.0000 T    533 =   70.0000 T    534 =   70.0000
 T      1 = -310.0000 T   3666 =   55.0000 T     37 =  -14.0000 T    360 =  -30.0000

 *** NOTE *** RELAXATION CRITERIA HAS BEEN MET WITH LOOPCT =     9

     ENGBAL =-0.743461E-01 AT LOOPCT =     9

 *** NOTE *** SYSTEM ENERGY BALANCE CRITERIA HAS BEEN MET, ENGBAL =-0.743461E-01, LOOPCT =     9

 *****************
 TIME= 0.00000E+00, DTIMEU= 0.00000E+00, CSGMIN(      0)= 0.00000E+00, ATMPCC(      0)= 0.00000E+00, DTMPCC(      0)= 0.00000E+00
     LOOPCT=     9, SENGIN= 1.43098E+03, ENGBAL=-7.43461E-02         , ARLXCC(   3555)=-2.01416E-03, DRLXCC(      0)= 0.00000E+00
 
 **** OUTPUT TEMPERATURES IN DEGREES   ****
 T      2 = -256.1108 T      4 = -181.0201 T     51 = -133.2431 T      6 = -108.4676 T      8 =  -97.5561 T     10 =   -2.5891
 T     12 =    1.7318 T     14 =    1.3785 T     16 =    1.3895 T     18 =    1.9326 T   2000 =   -2.3362 T     23 =   -0.5908
 T     25 =   -1.6079 T     27 =   -3.3038 T   2002 =   -7.3136 T     35 =  -24.7216 T   3555 =  -24.7214 T    100 = -152.9472
 T    214 =   -2.4108 T    223 =   -3.8947 T    229 = -193.2943 T    230 = -137.7764 T   2301 = -102.4689 T    231 =  -84.1581
 T    232 =  -75.9198 T    233 =   -5.5560 T    234 =   -2.2079 T    414 =   -8.9891 T    423 =   -9.6303 T    429 =  -89.3916
 T    430 =  -65.8994 T   4301 =  -51.1352 T    431 =  -43.5123 T    432 =  -39.9081 T    433 =  -10.4836 T    434 =   -8.9723
 T   5301 =  -30.5731 T      3 = -211.9020 T      5 = -160.3681 T     52 = -115.4207 T      7 = -104.0654 T      9 =  -93.9991
 T     11 =    1.6052 T     13 =    1.5897 T     15 =    1.3819 T     17 =    1.3953 T     19 =    2.4835 T     20 =    0.3940
 T     21 =    1.3717 T     22 =   -2.0963 T   2701 =   -2.3904 T     24 =   -0.5938 T     26 =   -2.6507 T     28 =   -3.9608
 T   2001 =   -2.5048 T   2003 =   -7.6499 T   2004 =   -6.9735 T   2005 =  -14.8829 T     29 = -256.1108 T     30 = -180.9444
 T    301 = -133.2050 T     31 = -108.3965 T     32 =  -97.5189 T     33 =   -2.5873 T     34 =    1.7371 T    114 =    1.3783
 T    123 =   -0.5909 T    129 = -256.0983 T    130 = -181.0148 T   1301 = -133.2405 T    131 = -108.4630 T    132 =  -97.5538
 T    133 =   -2.5892 T    134 =    1.7314 T     36 =   55.0000 T    350 =   53.5060 T    351 =    9.8213 T    352 =    9.8161
 T    101 =  -40.5232 T    314 =   -6.2000 T    323 =   -7.1985 T    329 = -130.4901 T    330 =  -94.5378 T   3301 =  -71.6973
 T    331 =  -59.8531 T    332 =  -54.2859 T    333 =   -8.5228 T    334 =   -6.1471 T    514 =  -11.7782 T    523 =  -12.0621
 T    529 =  -48.2931 T    530 =  -37.2609 T    531 =  -27.1716 T    532 =  -25.5303 T    533 =  -12.4443 T    534 =  -11.7973
 T      1 = -310.0000 T   3666 =   55.0000 T     37 =  -14.0000 T    360 =  -30.0000
1(C) COPYRIGHT 1982-1998 J.D.GASKI SINDA/G VERSION-1.80 NETWORK ANALYSIS ASSOCIATES, INC. - PAGE            2

     AFT OV SKIRT                                                                                                            

 *****************
 TIME= 0.00000E+00, DTIMEU= 0.00000E+00, CSGMIN(      0)= 0.00000E+00, ATMPCC(      0)= 0.00000E+00, DTMPCC(      0)= 0.00000E+00
     LOOPCT=     9, SENGIN= 1.43098E+03, ENGBAL=-7.43461E-02         , ARLXCC(   3555)=-2.01416E-03, DRLXCC(      0)= 0.00000E+00
 
 **** OUTPUT TEMPERATURES IN DEGREES   ****
 T      2 = -256.1108 T      4 = -181.0201 T     51 = -133.2431 T      6 = -108.4676 T      8 =  -97.5561 T     10 =   -2.5891
 T     12 =    1.7318 T     14 =    1.3785 T     16 =    1.3895 T     18 =    1.9326 T   2000 =   -2.3362 T     23 =   -0.5908
 T     25 =   -1.6079 T     27 =   -3.3038 T   2002 =   -7.3136 T     35 =  -24.7216 T   3555 =  -24.7214 T    100 = -152.9472
 T    214 =   -2.4108 T    223 =   -3.8947 T    229 = -193.2943 T    230 = -137.7764 T   2301 = -102.4689 T    231 =  -84.1581
 T    232 =  -75.9198 T    233 =   -5.5560 T    234 =   -2.2079 T    414 =   -8.9891 T    423 =   -9.6303 T    429 =  -89.3916
 T    430 =  -65.8994 T   4301 =  -51.1352 T    431 =  -43.5123 T    432 =  -39.9081 T    433 =  -10.4836 T    434 =   -8.9723
 T   5301 =  -30.5731 T      3 = -211.9020 T      5 = -160.3681 T     52 = -115.4207 T      7 = -104.0654 T      9 =  -93.9991
 T     11 =    1.6052 T     13 =    1.5897 T     15 =    1.3819 T     17 =    1.3953 T     19 =    2.4835 T     20 =    0.3940
 T     21 =    1.3717 T     22 =   -2.0963 T   2701 =   -2.3904 T     24 =   -0.5938 T     26 =   -2.6507 T     28 =   -3.9608
 T   2001 =   -2.5048 T   2003 =   -7.6499 T   2004 =   -6.9735 T   2005 =  -14.8829 T     29 = -256.1108 T     30 = -180.9444
 T    301 = -133.2050 T     31 = -108.3965 T     32 =  -97.5189 T     33 =   -2.5873 T     34 =    1.7371 T    114 =    1.3783
 T    123 =   -0.5909 T    129 = -256.0983 T    130 = -181.0148 T   1301 = -133.2405 T    131 = -108.4630 T    132 =  -97.5538
 T    133 =   -2.5892 T    134 =    1.7314 T     36 =   55.0000 T    350 =   53.5060 T    351 =    9.8213 T    352 =    9.8161
 T    101 =  -40.5232 T    314 =   -6.2000 T    323 =   -7.1985 T    329 = -130.4901 T    330 =  -94.5378 T   3301 =  -71.6973
 T    331 =  -59.8531 T    332 =  -54.2859 T    333 =   -8.5228 T    334 =   -6.1471 T    514 =  -11.7782 T    523 =  -12.0621
 T    529 =  -48.2931 T    530 =  -37.2609 T    531 =  -27.1716 T    532 =  -25.5303 T    533 =  -12.4443 T    534 =  -11.7973
 T      1 = -310.0000 T   3666 =   55.0000 T     37 =  -14.0000 T    360 =  -30.0000
